Traceback (most recent call last):
  File "C:\Users\kamil\AppData\Roaming\Python\Python39\site-packages\jupyter_cache\executors\utils.py", line 58, in single_nb_execution
    executenb(
  File "C:\ProgramData\Anaconda3\lib\site-packages\nbclient\client.py", line 1204, in execute
    return NotebookClient(nb=nb, resources=resources, km=km, **kwargs).execute()
  File "C:\ProgramData\Anaconda3\lib\site-packages\nbclient\util.py", line 84, in wrapped
    return just_run(coro(*args, **kwargs))
  File "C:\ProgramData\Anaconda3\lib\site-packages\nbclient\util.py", line 62, in just_run
    return loop.run_until_complete(coro)
  File "C:\ProgramData\Anaconda3\lib\asyncio\base_events.py", line 647, in run_until_complete
    return future.result()
  File "C:\ProgramData\Anaconda3\lib\site-packages\nbclient\client.py", line 663, in async_execute
    await self.async_execute_cell(
  File "C:\ProgramData\Anaconda3\lib\site-packages\nbclient\client.py", line 965, in async_execute_cell
    await self._check_raise_for_error(cell, cell_index, exec_reply)
  File "C:\ProgramData\Anaconda3\lib\site-packages\nbclient\client.py", line 862, in _check_raise_for_error
    raise CellExecutionError.from_cell_and_msg(cell, exec_reply_content)
nbclient.exceptions.CellExecutionError: An error occurred while executing the following cell:
------------------
from qgis.core import QgsProject #importujemy tylko klasę QgsProject
project = QgsProject.instance() #tworzymy instancję projektu. W QGIS3 już nie jest to obowiązkowe
#project jest pusty
project.read("sciezka_do_pliku") #otwieramy projekt
 
project.write() #zapisujemy do tego samego pliku
project.write("sciezka_do_zapisu") #zapisujemy projekt do nowego pliku

------------------

[1;31m---------------------------------------------------------------------------[0m
[1;31mModuleNotFoundError[0m                       Traceback (most recent call last)
Input [1;32mIn [1][0m, in [0;36m<cell line: 1>[1;34m()[0m
[1;32m----> 1[0m [38;5;28;01mfrom[39;00m [38;5;21;01mqgis[39;00m[38;5;21;01m.[39;00m[38;5;21;01mcore[39;00m [38;5;28;01mimport[39;00m QgsProject [38;5;66;03m#importujemy tylko klasę QgsProject[39;00m
[0;32m      2[0m project [38;5;241m=[39m QgsProject[38;5;241m.[39minstance() [38;5;66;03m#tworzymy instancję projektu. W QGIS3 już nie jest to obowiązkowe[39;00m
[0;32m      3[0m [38;5;66;03m#project jest pusty[39;00m

[1;31mModuleNotFoundError[0m: No module named 'qgis'
ModuleNotFoundError: No module named 'qgis'

