Traceback (most recent call last):
  File "C:\Users\kamil\AppData\Roaming\Python\Python39\site-packages\jupyter_cache\executors\utils.py", line 58, in single_nb_execution
    executenb(
  File "C:\ProgramData\Anaconda3\lib\site-packages\nbclient\client.py", line 1204, in execute
    return NotebookClient(nb=nb, resources=resources, km=km, **kwargs).execute()
  File "C:\ProgramData\Anaconda3\lib\site-packages\nbclient\util.py", line 84, in wrapped
    return just_run(coro(*args, **kwargs))
  File "C:\ProgramData\Anaconda3\lib\site-packages\nbclient\util.py", line 62, in just_run
    return loop.run_until_complete(coro)
  File "C:\ProgramData\Anaconda3\lib\asyncio\base_events.py", line 647, in run_until_complete
    return future.result()
  File "C:\ProgramData\Anaconda3\lib\site-packages\nbclient\client.py", line 663, in async_execute
    await self.async_execute_cell(
  File "C:\ProgramData\Anaconda3\lib\site-packages\nbclient\client.py", line 965, in async_execute_cell
    await self._check_raise_for_error(cell, cell_index, exec_reply)
  File "C:\ProgramData\Anaconda3\lib\site-packages\nbclient\client.py", line 862, in _check_raise_for_error
    raise CellExecutionError.from_cell_and_msg(cell, exec_reply_content)
nbclient.exceptions.CellExecutionError: An error occurred while executing the following cell:
------------------
# [QGIS] Dodanie punktu
from qgis.core import (
    QgsVectorLayer,
    QgsFeature,
    QgsGeometry,
    QgsPointXY,
    QgsProject
)

# Tworzymy pustą warstwę punktową
layer = QgsVectorLayer("Point?crs=EPSG:4326", "Punkty_miasta", "memory")
prov = layer.dataProvider()

# Tworzymy punkt (np. Rynek Wrocław)
geom = QgsGeometry.fromPointXY(QgsPointXY(17.0385, 51.1090))

feat = QgsFeature()
feat.setGeometry(geom)

prov.addFeature(feat)
layer.updateExtents()

QgsProject.instance().addMapLayer(layer)
------------------

[1;31m---------------------------------------------------------------------------[0m
[1;31mModuleNotFoundError[0m                       Traceback (most recent call last)
Input [1;32mIn [1][0m, in [0;36m<cell line: 2>[1;34m()[0m
[0;32m      1[0m [38;5;66;03m# [QGIS] Dodanie punktu[39;00m
[1;32m----> 2[0m [38;5;28;01mfrom[39;00m [38;5;21;01mqgis[39;00m[38;5;21;01m.[39;00m[38;5;21;01mcore[39;00m [38;5;28;01mimport[39;00m (
[0;32m      3[0m     QgsVectorLayer,
[0;32m      4[0m     QgsFeature,
[0;32m      5[0m     QgsGeometry,
[0;32m      6[0m     QgsPointXY,
[0;32m      7[0m     QgsProject
[0;32m      8[0m )
[0;32m     10[0m [38;5;66;03m# Tworzymy pustą warstwę punktową[39;00m
[0;32m     11[0m layer [38;5;241m=[39m QgsVectorLayer([38;5;124m"[39m[38;5;124mPoint?crs=EPSG:4326[39m[38;5;124m"[39m, [38;5;124m"[39m[38;5;124mPunkty_miasta[39m[38;5;124m"[39m, [38;5;124m"[39m[38;5;124mmemory[39m[38;5;124m"[39m)

[1;31mModuleNotFoundError[0m: No module named 'qgis'
ModuleNotFoundError: No module named 'qgis'

